[10-Mar-2022 12:05:53 UTC] PHP Warning:  Invalid argument supplied for foreach() in C:\Users\alexi\Local Sites\boulangerie\app\public\wp-content\plugins\hjqs-mentions-legales-fr\public\partials\hjqs-mentions-legales-public-cgv.php on line 108
[10-Mar-2022 12:05:53 UTC] PHP Stack trace:
[10-Mar-2022 12:05:53 UTC] PHP   1. {main}() C:\Users\alexi\Local Sites\boulangerie\app\public\wp-admin\admin-ajax.php:0
[10-Mar-2022 12:05:53 UTC] PHP   2. do_action() C:\Users\alexi\Local Sites\boulangerie\app\public\wp-admin\admin-ajax.php:187
[10-Mar-2022 12:05:53 UTC] PHP   3. WP_Hook->do_action() C:\Users\alexi\Local Sites\boulangerie\app\public\wp-includes\plugin.php:474
[10-Mar-2022 12:05:53 UTC] PHP   4. WP_Hook->apply_filters() C:\Users\alexi\Local Sites\boulangerie\app\public\wp-includes\class-wp-hook.php:331
[10-Mar-2022 12:05:53 UTC] PHP   5. Elementor\Core\Common\Modules\Ajax\Module->handle_ajax_request() C:\Users\alexi\Local Sites\boulangerie\app\public\wp-includes\class-wp-hook.php:307
[10-Mar-2022 12:05:53 UTC] PHP   6. call_user_func:{C:\Users\alexi\Local Sites\boulangerie\app\public\wp-content\plugins\elementor\core\common\modules\ajax\module.php:171}() C:\Users\alexi\Local Sites\boulangerie\app\public\wp-content\plugins\elementor\core\common\modules\ajax\module.php:171
[10-Mar-2022 12:05:53 UTC] PHP   7. Elementor\Widgets_Manager->ajax_render_widget() C:\Users\alexi\Local Sites\boulangerie\app\public\wp-content\plugins\elementor\core\common\modules\ajax\module.php:171
[10-Mar-2022 12:05:53 UTC] PHP   8. Elementor\Core\DocumentTypes\Page->render_element() C:\Users\alexi\Local Sites\boulangerie\app\public\wp-content\plugins\elementor\includes\managers\widgets.php:390
[10-Mar-2022 12:05:53 UTC] PHP   9. Elementor\Widget_Text_Editor->render_content() C:\Users\alexi\Local Sites\boulangerie\app\public\wp-content\plugins\elementor\core\base\document.php:282
[10-Mar-2022 12:05:53 UTC] PHP  10. Elementor\Widget_Text_Editor->render_by_mode() C:\Users\alexi\Local Sites\boulangerie\app\public\wp-content\plugins\elementor\includes\base\widget-base.php:609
[10-Mar-2022 12:05:53 UTC] PHP  11. Elementor\Widget_Text_Editor->render() C:\Users\alexi\Local Sites\boulangerie\app\public\wp-content\plugins\elementor\includes\base\controls-stack.php:2188
[10-Mar-2022 12:05:53 UTC] PHP  12. Elementor\Widget_Text_Editor->parse_text_editor() C:\Users\alexi\Local Sites\boulangerie\app\public\wp-content\plugins\elementor\includes\widgets\text-editor.php:416
[10-Mar-2022 12:05:53 UTC] PHP  13. do_shortcode() C:\Users\alexi\Local Sites\boulangerie\app\public\wp-content\plugins\elementor\includes\base\widget-base.php:426
[10-Mar-2022 12:05:53 UTC] PHP  14. preg_replace_callback() C:\Users\alexi\Local Sites\boulangerie\app\public\wp-includes\shortcodes.php:228
[10-Mar-2022 12:05:53 UTC] PHP  15. do_shortcode_tag() C:\Users\alexi\Local Sites\boulangerie\app\public\wp-includes\shortcodes.php:228
[10-Mar-2022 12:05:53 UTC] PHP  16. Hjqs_Mentions_Legales_Public->render_cgv() C:\Users\alexi\Local Sites\boulangerie\app\public\wp-includes\shortcodes.php:356
[10-Mar-2022 12:05:53 UTC] PHP  17. include() C:\Users\alexi\Local Sites\boulangerie\app\public\wp-content\plugins\hjqs-mentions-legales-fr\public\class-hjqs-mentions-legales-public.php:117
[10-Mar-2022 12:05:54 UTC] PHP Warning:  Invalid argument supplied for foreach() in C:\Users\alexi\Local Sites\boulangerie\app\public\wp-content\plugins\hjqs-mentions-legales-fr\public\partials\hjqs-mentions-legales-public-cgv.php on line 108
[10-Mar-2022 12:05:54 UTC] PHP Stack trace:
[10-Mar-2022 12:05:54 UTC] PHP   1. {main}() C:\Users\alexi\Local Sites\boulangerie\app\public\wp-admin\admin-ajax.php:0
[10-Mar-2022 12:05:54 UTC] PHP   2. do_action() C:\Users\alexi\Local Sites\boulangerie\app\public\wp-admin\admin-ajax.php:187
[10-Mar-2022 12:05:54 UTC] PHP   3. WP_Hook->do_action() C:\Users\alexi\Local Sites\boulangerie\app\public\wp-includes\plugin.php:474
[10-Mar-2022 12:05:54 UTC] PHP   4. WP_Hook->apply_filters() C:\Users\alexi\Local Sites\boulangerie\app\public\wp-includes\class-wp-hook.php:331
[10-Mar-2022 12:05:54 UTC] PHP   5. Elementor\Core\Common\Modules\Ajax\Module->handle_ajax_request() C:\Users\alexi\Local Sites\boulangerie\app\public\wp-includes\class-wp-hook.php:307
[10-Mar-2022 12:05:54 UTC] PHP   6. call_user_func:{C:\Users\alexi\Local Sites\boulangerie\app\public\wp-content\plugins\elementor\core\common\modules\ajax\module.php:171}() C:\Users\alexi\Local Sites\boulangerie\app\public\wp-content\plugins\elementor\core\common\modules\ajax\module.php:171
[10-Mar-2022 12:05:54 UTC] PHP   7. Elementor\Widgets_Manager->ajax_render_widget() C:\Users\alexi\Local Sites\boulangerie\app\public\wp-content\plugins\elementor\core\common\modules\ajax\module.php:171
[10-Mar-2022 12:05:54 UTC] PHP   8. Elementor\Core\DocumentTypes\Page->render_element() C:\Users\alexi\Local Sites\boulangerie\app\public\wp-content\plugins\elementor\includes\managers\widgets.php:390
[10-Mar-2022 12:05:54 UTC] PHP   9. Elementor\Widget_Text_Editor->render_content() C:\Users\alexi\Local Sites\boulangerie\app\public\wp-content\plugins\elementor\core\base\document.php:282
[10-Mar-2022 12:05:54 UTC] PHP  10. Elementor\Widget_Text_Editor->render_by_mode() C:\Users\alexi\Local Sites\boulangerie\app\public\wp-content\plugins\elementor\includes\base\widget-base.php:609
[10-Mar-2022 12:05:54 UTC] PHP  11. Elementor\Widget_Text_Editor->render() C:\Users\alexi\Local Sites\boulangerie\app\public\wp-content\plugins\elementor\includes\base\controls-stack.php:2188
[10-Mar-2022 12:05:54 UTC] PHP  12. Elementor\Widget_Text_Editor->parse_text_editor() C:\Users\alexi\Local Sites\boulangerie\app\public\wp-content\plugins\elementor\includes\widgets\text-editor.php:416
[10-Mar-2022 12:05:54 UTC] PHP  13. do_shortcode() C:\Users\alexi\Local Sites\boulangerie\app\public\wp-content\plugins\elementor\includes\base\widget-base.php:426
[10-Mar-2022 12:05:54 UTC] PHP  14. preg_replace_callback() C:\Users\alexi\Local Sites\boulangerie\app\public\wp-includes\shortcodes.php:228
[10-Mar-2022 12:05:54 UTC] PHP  15. do_shortcode_tag() C:\Users\alexi\Local Sites\boulangerie\app\public\wp-includes\shortcodes.php:228
[10-Mar-2022 12:05:54 UTC] PHP  16. Hjqs_Mentions_Legales_Public->render_cgv() C:\Users\alexi\Local Sites\boulangerie\app\public\wp-includes\shortcodes.php:356
[10-Mar-2022 12:05:54 UTC] PHP  17. include() C:\Users\alexi\Local Sites\boulangerie\app\public\wp-content\plugins\hjqs-mentions-legales-fr\public\class-hjqs-mentions-legales-public.php:117
[10-Mar-2022 12:08:39 UTC] PHP Warning:  Invalid argument supplied for foreach() in C:\Users\alexi\Local Sites\boulangerie\app\public\wp-content\plugins\hjqs-mentions-legales-fr\public\partials\hjqs-mentions-legales-public-cgv.php on line 108
[10-Mar-2022 12:08:39 UTC] PHP Stack trace:
[10-Mar-2022 12:08:39 UTC] PHP   1. {main}() C:\Users\alexi\Local Sites\boulangerie\app\public\index.php:0
[10-Mar-2022 12:08:39 UTC] PHP   2. require() C:\Users\alexi\Local Sites\boulangerie\app\public\index.php:17
[10-Mar-2022 12:08:39 UTC] PHP   3. require_once() C:\Users\alexi\Local Sites\boulangerie\app\public\wp-blog-header.php:19
[10-Mar-2022 12:08:39 UTC] PHP   4. include() C:\Users\alexi\Local Sites\boulangerie\app\public\wp-includes\template-loader.php:106
[10-Mar-2022 12:08:39 UTC] PHP   5. get_the_block_template_html() C:\Users\alexi\Local Sites\boulangerie\app\public\wp-includes\template-canvas.php:12
[10-Mar-2022 12:08:39 UTC] PHP   6. do_blocks() C:\Users\alexi\Local Sites\boulangerie\app\public\wp-includes\block-template.php:240
[10-Mar-2022 12:08:39 UTC] PHP   7. render_block() C:\Users\alexi\Local Sites\boulangerie\app\public\wp-includes\blocks.php:921
[10-Mar-2022 12:08:39 UTC] PHP   8. WP_Block->render() C:\Users\alexi\Local Sites\boulangerie\app\public\wp-includes\blocks.php:883
[10-Mar-2022 12:08:39 UTC] PHP   9. WP_Block->render() C:\Users\alexi\Local Sites\boulangerie\app\public\wp-includes\class-wp-block.php:241
[10-Mar-2022 12:08:39 UTC] PHP  10. render_block_core_post_content() C:\Users\alexi\Local Sites\boulangerie\app\public\wp-includes\class-wp-block.php:255
[10-Mar-2022 12:08:39 UTC] PHP  11. apply_filters() C:\Users\alexi\Local Sites\boulangerie\app\public\wp-includes\blocks\post-content.php:55
[10-Mar-2022 12:08:39 UTC] PHP  12. WP_Hook->apply_filters() C:\Users\alexi\Local Sites\boulangerie\app\public\wp-includes\plugin.php:189
[10-Mar-2022 12:08:39 UTC] PHP  13. Elementor\Frontend->apply_builder_in_content() C:\Users\alexi\Local Sites\boulangerie\app\public\wp-includes\class-wp-hook.php:307
[10-Mar-2022 12:08:39 UTC] PHP  14. Elementor\Frontend->get_builder_content() C:\Users\alexi\Local Sites\boulangerie\app\public\wp-content\plugins\elementor\includes\frontend.php:1006
[10-Mar-2022 12:08:39 UTC] PHP  15. Elementor\Core\DocumentTypes\Page->print_elements_with_wrapper() C:\Users\alexi\Local Sites\boulangerie\app\public\wp-content\plugins\elementor\includes\frontend.php:1092
[10-Mar-2022 12:08:39 UTC] PHP  16. Elementor\Core\DocumentTypes\Page->print_elements() C:\Users\alexi\Local Sites\boulangerie\app\public\wp-content\plugins\elementor\core\base\document.php:1002
[10-Mar-2022 12:08:39 UTC] PHP  17. Elementor\Element_Section->print_element() C:\Users\alexi\Local Sites\boulangerie\app\public\wp-content\plugins\elementor\core\base\document.php:1529
[10-Mar-2022 12:08:39 UTC] PHP  18. Elementor\Element_Section->print_content() C:\Users\alexi\Local Sites\boulangerie\app\public\wp-content\plugins\elementor\includes\base\element-base.php:447
[10-Mar-2022 12:08:39 UTC] PHP  19. Elementor\Element_Column->print_element() C:\Users\alexi\Local Sites\boulangerie\app\public\wp-content\plugins\elementor\includes\base\element-base.php:741
[10-Mar-2022 12:08:39 UTC] PHP  20. Elementor\Element_Column->print_content() C:\Users\alexi\Local Sites\boulangerie\app\public\wp-content\plugins\elementor\includes\base\element-base.php:447
[10-Mar-2022 12:08:39 UTC] PHP  21. Elementor\Widget_Text_Editor->print_element() C:\Users\alexi\Local Sites\boulangerie\app\public\wp-content\plugins\elementor\includes\base\element-base.php:741
[10-Mar-2022 12:08:39 UTC] PHP  22. Elementor\Widget_Text_Editor->print_content() C:\Users\alexi\Local Sites\boulangerie\app\public\wp-content\plugins\elementor\includes\base\element-base.php:447
[10-Mar-2022 12:08:39 UTC] PHP  23. Elementor\Widget_Text_Editor->render_content() C:\Users\alexi\Local Sites\boulangerie\app\public\wp-content\plugins\elementor\includes\base\widget-base.php:750
[10-Mar-2022 12:08:39 UTC] PHP  24. Elementor\Widget_Text_Editor->render_by_mode() C:\Users\alexi\Local Sites\boulangerie\app\public\wp-content\plugins\elementor\includes\base\widget-base.php:609
[10-Mar-2022 12:08:39 UTC] PHP  25. Elementor\Widget_Text_Editor->render() C:\Users\alexi\Local Sites\boulangerie\app\public\wp-content\plugins\elementor\includes\base\controls-stack.php:2188
[10-Mar-2022 12:08:39 UTC] PHP  26. Elementor\Widget_Text_Editor->parse_text_editor() C:\Users\alexi\Local Sites\boulangerie\app\public\wp-content\plugins\elementor\includes\widgets\text-editor.php:416
[10-Mar-2022 12:08:39 UTC] PHP  27. do_shortcode() C:\Users\alexi\Local Sites\boulangerie\app\public\wp-content\plugins\elementor\includes\base\widget-base.php:426
[10-Mar-2022 12:08:39 UTC] PHP  28. preg_replace_callback() C:\Users\alexi\Local Sites\boulangerie\app\public\wp-includes\shortcodes.php:228
[10-Mar-2022 12:08:39 UTC] PHP  29. do_shortcode_tag() C:\Users\alexi\Local Sites\boulangerie\app\public\wp-includes\shortcodes.php:228
[10-Mar-2022 12:08:39 UTC] PHP  30. Hjqs_Mentions_Legales_Public->render_cgv() C:\Users\alexi\Local Sites\boulangerie\app\public\wp-includes\shortcodes.php:356
[10-Mar-2022 12:08:39 UTC] PHP  31. include() C:\Users\alexi\Local Sites\boulangerie\app\public\wp-content\plugins\hjqs-mentions-legales-fr\public\class-hjqs-mentions-legales-public.php:117
[10-Mar-2022 12:10:25 UTC] PHP Warning:  Invalid argument supplied for foreach() in C:\Users\alexi\Local Sites\boulangerie\app\public\wp-content\plugins\hjqs-mentions-legales-fr\public\partials\hjqs-mentions-legales-public-pdc.php on line 154
[10-Mar-2022 12:10:25 UTC] PHP Stack trace:
[10-Mar-2022 12:10:25 UTC] PHP   1. {main}() C:\Users\alexi\Local Sites\boulangerie\app\public\wp-admin\admin-ajax.php:0
[10-Mar-2022 12:10:25 UTC] PHP   2. do_action() C:\Users\alexi\Local Sites\boulangerie\app\public\wp-admin\admin-ajax.php:187
[10-Mar-2022 12:10:25 UTC] PHP   3. WP_Hook->do_action() C:\Users\alexi\Local Sites\boulangerie\app\public\wp-includes\plugin.php:474
[10-Mar-2022 12:10:25 UTC] PHP   4. WP_Hook->apply_filters() C:\Users\alexi\Local Sites\boulangerie\app\public\wp-includes\class-wp-hook.php:331
[10-Mar-2022 12:10:25 UTC] PHP   5. Elementor\Core\Common\Modules\Ajax\Module->handle_ajax_request() C:\Users\alexi\Local Sites\boulangerie\app\public\wp-includes\class-wp-hook.php:307
[10-Mar-2022 12:10:25 UTC] PHP   6. call_user_func:{C:\Users\alexi\Local Sites\boulangerie\app\public\wp-content\plugins\elementor\core\common\modules\ajax\module.php:171}() C:\Users\alexi\Local Sites\boulangerie\app\public\wp-content\plugins\elementor\core\common\modules\ajax\module.php:171
[10-Mar-2022 12:10:25 UTC] PHP   7. Elementor\Widgets_Manager->ajax_render_widget() C:\Users\alexi\Local Sites\boulangerie\app\public\wp-content\plugins\elementor\core\common\modules\ajax\module.php:171
[10-Mar-2022 12:10:25 UTC] PHP   8. Elementor\Core\DocumentTypes\Page->render_element() C:\Users\alexi\Local Sites\boulangerie\app\public\wp-content\plugins\elementor\includes\managers\widgets.php:390
[10-Mar-2022 12:10:25 UTC] PHP   9. Elementor\Widget_Text_Editor->render_content() C:\Users\alexi\Local Sites\boulangerie\app\public\wp-content\plugins\elementor\core\base\document.php:282
[10-Mar-2022 12:10:25 UTC] PHP  10. Elementor\Widget_Text_Editor->render_by_mode() C:\Users\alexi\Local Sites\boulangerie\app\public\wp-content\plugins\elementor\includes\base\widget-base.php:609
[10-Mar-2022 12:10:25 UTC] PHP  11. Elementor\Widget_Text_Editor->render() C:\Users\alexi\Local Sites\boulangerie\app\public\wp-content\plugins\elementor\includes\base\controls-stack.php:2188
[10-Mar-2022 12:10:25 UTC] PHP  12. Elementor\Widget_Text_Editor->parse_text_editor() C:\Users\alexi\Local Sites\boulangerie\app\public\wp-content\plugins\elementor\includes\widgets\text-editor.php:416
[10-Mar-2022 12:10:25 UTC] PHP  13. do_shortcode() C:\Users\alexi\Local Sites\boulangerie\app\public\wp-content\plugins\elementor\includes\base\widget-base.php:426
[10-Mar-2022 12:10:25 UTC] PHP  14. preg_replace_callback() C:\Users\alexi\Local Sites\boulangerie\app\public\wp-includes\shortcodes.php:228
[10-Mar-2022 12:10:25 UTC] PHP  15. do_shortcode_tag() C:\Users\alexi\Local Sites\boulangerie\app\public\wp-includes\shortcodes.php:228
[10-Mar-2022 12:10:25 UTC] PHP  16. Hjqs_Mentions_Legales_Public->render_pdc() C:\Users\alexi\Local Sites\boulangerie\app\public\wp-includes\shortcodes.php:356
[10-Mar-2022 12:10:25 UTC] PHP  17. include() C:\Users\alexi\Local Sites\boulangerie\app\public\wp-content\plugins\hjqs-mentions-legales-fr\public\class-hjqs-mentions-legales-public.php:128
[10-Mar-2022 12:10:38 UTC] PHP Warning:  Invalid argument supplied for foreach() in C:\Users\alexi\Local Sites\boulangerie\app\public\wp-content\plugins\hjqs-mentions-legales-fr\public\partials\hjqs-mentions-legales-public-pdc.php on line 154
[10-Mar-2022 12:10:38 UTC] PHP Stack trace:
[10-Mar-2022 12:10:38 UTC] PHP   1. {main}() C:\Users\alexi\Local Sites\boulangerie\app\public\index.php:0
[10-Mar-2022 12:10:38 UTC] PHP   2. require() C:\Users\alexi\Local Sites\boulangerie\app\public\index.php:17
[10-Mar-2022 12:10:38 UTC] PHP   3. require_once() C:\Users\alexi\Local Sites\boulangerie\app\public\wp-blog-header.php:19
[10-Mar-2022 12:10:38 UTC] PHP   4. include() C:\Users\alexi\Local Sites\boulangerie\app\public\wp-includes\template-loader.php:106
[10-Mar-2022 12:10:38 UTC] PHP   5. get_the_block_template_html() C:\Users\alexi\Local Sites\boulangerie\app\public\wp-includes\template-canvas.php:12
[10-Mar-2022 12:10:38 UTC] PHP   6. do_blocks() C:\Users\alexi\Local Sites\boulangerie\app\public\wp-includes\block-template.php:240
[10-Mar-2022 12:10:38 UTC] PHP   7. render_block() C:\Users\alexi\Local Sites\boulangerie\app\public\wp-includes\blocks.php:921
[10-Mar-2022 12:10:38 UTC] PHP   8. WP_Block->render() C:\Users\alexi\Local Sites\boulangerie\app\public\wp-includes\blocks.php:883
[10-Mar-2022 12:10:38 UTC] PHP   9. WP_Block->render() C:\Users\alexi\Local Sites\boulangerie\app\public\wp-includes\class-wp-block.php:241
[10-Mar-2022 12:10:38 UTC] PHP  10. render_block_core_post_content() C:\Users\alexi\Local Sites\boulangerie\app\public\wp-includes\class-wp-block.php:255
[10-Mar-2022 12:10:38 UTC] PHP  11. apply_filters() C:\Users\alexi\Local Sites\boulangerie\app\public\wp-includes\blocks\post-content.php:55
[10-Mar-2022 12:10:38 UTC] PHP  12. WP_Hook->apply_filters() C:\Users\alexi\Local Sites\boulangerie\app\public\wp-includes\plugin.php:189
[10-Mar-2022 12:10:38 UTC] PHP  13. Elementor\Frontend->apply_builder_in_content() C:\Users\alexi\Local Sites\boulangerie\app\public\wp-includes\class-wp-hook.php:307
[10-Mar-2022 12:10:38 UTC] PHP  14. Elementor\Frontend->get_builder_content() C:\Users\alexi\Local Sites\boulangerie\app\public\wp-content\plugins\elementor\includes\frontend.php:1006
[10-Mar-2022 12:10:38 UTC] PHP  15. Elementor\Core\DocumentTypes\Page->print_elements_with_wrapper() C:\Users\alexi\Local Sites\boulangerie\app\public\wp-content\plugins\elementor\includes\frontend.php:1092
[10-Mar-2022 12:10:38 UTC] PHP  16. Elementor\Core\DocumentTypes\Page->print_elements() C:\Users\alexi\Local Sites\boulangerie\app\public\wp-content\plugins\elementor\core\base\document.php:1002
[10-Mar-2022 12:10:38 UTC] PHP  17. Elementor\Element_Section->print_element() C:\Users\alexi\Local Sites\boulangerie\app\public\wp-content\plugins\elementor\core\base\document.php:1529
[10-Mar-2022 12:10:38 UTC] PHP  18. Elementor\Element_Section->print_content() C:\Users\alexi\Local Sites\boulangerie\app\public\wp-content\plugins\elementor\includes\base\element-base.php:447
[10-Mar-2022 12:10:38 UTC] PHP  19. Elementor\Element_Column->print_element() C:\Users\alexi\Local Sites\boulangerie\app\public\wp-content\plugins\elementor\includes\base\element-base.php:741
[10-Mar-2022 12:10:38 UTC] PHP  20. Elementor\Element_Column->print_content() C:\Users\alexi\Local Sites\boulangerie\app\public\wp-content\plugins\elementor\includes\base\element-base.php:447
[10-Mar-2022 12:10:38 UTC] PHP  21. Elementor\Widget_Text_Editor->print_element() C:\Users\alexi\Local Sites\boulangerie\app\public\wp-content\plugins\elementor\includes\base\element-base.php:741
[10-Mar-2022 12:10:38 UTC] PHP  22. Elementor\Widget_Text_Editor->print_content() C:\Users\alexi\Local Sites\boulangerie\app\public\wp-content\plugins\elementor\includes\base\element-base.php:447
[10-Mar-2022 12:10:38 UTC] PHP  23. Elementor\Widget_Text_Editor->render_content() C:\Users\alexi\Local Sites\boulangerie\app\public\wp-content\plugins\elementor\includes\base\widget-base.php:750
[10-Mar-2022 12:10:38 UTC] PHP  24. Elementor\Widget_Text_Editor->render_by_mode() C:\Users\alexi\Local Sites\boulangerie\app\public\wp-content\plugins\elementor\includes\base\widget-base.php:609
[10-Mar-2022 12:10:38 UTC] PHP  25. Elementor\Widget_Text_Editor->render() C:\Users\alexi\Local Sites\boulangerie\app\public\wp-content\plugins\elementor\includes\base\controls-stack.php:2188
[10-Mar-2022 12:10:38 UTC] PHP  26. Elementor\Widget_Text_Editor->parse_text_editor() C:\Users\alexi\Local Sites\boulangerie\app\public\wp-content\plugins\elementor\includes\widgets\text-editor.php:416
[10-Mar-2022 12:10:38 UTC] PHP  27. do_shortcode() C:\Users\alexi\Local Sites\boulangerie\app\public\wp-content\plugins\elementor\includes\base\widget-base.php:426
[10-Mar-2022 12:10:38 UTC] PHP  28. preg_replace_callback() C:\Users\alexi\Local Sites\boulangerie\app\public\wp-includes\shortcodes.php:228
[10-Mar-2022 12:10:38 UTC] PHP  29. do_shortcode_tag() C:\Users\alexi\Local Sites\boulangerie\app\public\wp-includes\shortcodes.php:228
[10-Mar-2022 12:10:38 UTC] PHP  30. Hjqs_Mentions_Legales_Public->render_pdc() C:\Users\alexi\Local Sites\boulangerie\app\public\wp-includes\shortcodes.php:356
[10-Mar-2022 12:10:38 UTC] PHP  31. include() C:\Users\alexi\Local Sites\boulangerie\app\public\wp-content\plugins\hjqs-mentions-legales-fr\public\class-hjqs-mentions-legales-public.php:128
[10-Mar-2022 12:15:30 UTC] PHP Warning:  Invalid argument supplied for foreach() in C:\Users\alexi\Local Sites\boulangerie\app\public\wp-content\plugins\hjqs-mentions-legales-fr\public\partials\hjqs-mentions-legales-public-cgv.php on line 108
[10-Mar-2022 12:15:30 UTC] PHP Stack trace:
[10-Mar-2022 12:15:30 UTC] PHP   1. {main}() C:\Users\alexi\Local Sites\boulangerie\app\public\index.php:0
[10-Mar-2022 12:15:30 UTC] PHP   2. require() C:\Users\alexi\Local Sites\boulangerie\app\public\index.php:17
[10-Mar-2022 12:15:30 UTC] PHP   3. require_once() C:\Users\alexi\Local Sites\boulangerie\app\public\wp-blog-header.php:19
[10-Mar-2022 12:15:30 UTC] PHP   4. include() C:\Users\alexi\Local Sites\boulangerie\app\public\wp-includes\template-loader.php:106
[10-Mar-2022 12:15:30 UTC] PHP   5. get_the_block_template_html() C:\Users\alexi\Local Sites\boulangerie\app\public\wp-includes\template-canvas.php:12
[10-Mar-2022 12:15:30 UTC] PHP   6. do_blocks() C:\Users\alexi\Local Sites\boulangerie\app\public\wp-includes\block-template.php:240
[10-Mar-2022 12:15:30 UTC] PHP   7. render_block() C:\Users\alexi\Local Sites\boulangerie\app\public\wp-includes\blocks.php:921
[10-Mar-2022 12:15:30 UTC] PHP   8. WP_Block->render() C:\Users\alexi\Local Sites\boulangerie\app\public\wp-includes\blocks.php:883
[10-Mar-2022 12:15:30 UTC] PHP   9. WP_Block->render() C:\Users\alexi\Local Sites\boulangerie\app\public\wp-includes\class-wp-block.php:241
[10-Mar-2022 12:15:30 UTC] PHP  10. render_block_core_post_content() C:\Users\alexi\Local Sites\boulangerie\app\public\wp-includes\class-wp-block.php:255
[10-Mar-2022 12:15:30 UTC] PHP  11. apply_filters() C:\Users\alexi\Local Sites\boulangerie\app\public\wp-includes\blocks\post-content.php:55
[10-Mar-2022 12:15:30 UTC] PHP  12. WP_Hook->apply_filters() C:\Users\alexi\Local Sites\boulangerie\app\public\wp-includes\plugin.php:189
[10-Mar-2022 12:15:30 UTC] PHP  13. Elementor\Frontend->apply_builder_in_content() C:\Users\alexi\Local Sites\boulangerie\app\public\wp-includes\class-wp-hook.php:307
[10-Mar-2022 12:15:30 UTC] PHP  14. Elementor\Frontend->get_builder_content() C:\Users\alexi\Local Sites\boulangerie\app\public\wp-content\plugins\elementor\includes\frontend.php:1006
[10-Mar-2022 12:15:30 UTC] PHP  15. Elementor\Core\DocumentTypes\Page->print_elements_with_wrapper() C:\Users\alexi\Local Sites\boulangerie\app\public\wp-content\plugins\elementor\includes\frontend.php:1092
[10-Mar-2022 12:15:30 UTC] PHP  16. Elementor\Core\DocumentTypes\Page->print_elements() C:\Users\alexi\Local Sites\boulangerie\app\public\wp-content\plugins\elementor\core\base\document.php:1002
[10-Mar-2022 12:15:30 UTC] PHP  17. Elementor\Element_Section->print_element() C:\Users\alexi\Local Sites\boulangerie\app\public\wp-content\plugins\elementor\core\base\document.php:1529
[10-Mar-2022 12:15:30 UTC] PHP  18. Elementor\Element_Section->print_content() C:\Users\alexi\Local Sites\boulangerie\app\public\wp-content\plugins\elementor\includes\base\element-base.php:447
[10-Mar-2022 12:15:30 UTC] PHP  19. Elementor\Element_Column->print_element() C:\Users\alexi\Local Sites\boulangerie\app\public\wp-content\plugins\elementor\includes\base\element-base.php:741
[10-Mar-2022 12:15:30 UTC] PHP  20. Elementor\Element_Column->print_content() C:\Users\alexi\Local Sites\boulangerie\app\public\wp-content\plugins\elementor\includes\base\element-base.php:447
[10-Mar-2022 12:15:30 UTC] PHP  21. Elementor\Widget_Text_Editor->print_element() C:\Users\alexi\Local Sites\boulangerie\app\public\wp-content\plugins\elementor\includes\base\element-base.php:741
[10-Mar-2022 12:15:30 UTC] PHP  22. Elementor\Widget_Text_Editor->print_content() C:\Users\alexi\Local Sites\boulangerie\app\public\wp-content\plugins\elementor\includes\base\element-base.php:447
[10-Mar-2022 12:15:30 UTC] PHP  23. Elementor\Widget_Text_Editor->render_content() C:\Users\alexi\Local Sites\boulangerie\app\public\wp-content\plugins\elementor\includes\base\widget-base.php:750
[10-Mar-2022 12:15:30 UTC] PHP  24. Elementor\Widget_Text_Editor->render_by_mode() C:\Users\alexi\Local Sites\boulangerie\app\public\wp-content\plugins\elementor\includes\base\widget-base.php:609
[10-Mar-2022 12:15:30 UTC] PHP  25. Elementor\Widget_Text_Editor->render() C:\Users\alexi\Local Sites\boulangerie\app\public\wp-content\plugins\elementor\includes\base\controls-stack.php:2188
[10-Mar-2022 12:15:30 UTC] PHP  26. Elementor\Widget_Text_Editor->parse_text_editor() C:\Users\alexi\Local Sites\boulangerie\app\public\wp-content\plugins\elementor\includes\widgets\text-editor.php:416
[10-Mar-2022 12:15:30 UTC] PHP  27. do_shortcode() C:\Users\alexi\Local Sites\boulangerie\app\public\wp-content\plugins\elementor\includes\base\widget-base.php:426
[10-Mar-2022 12:15:30 UTC] PHP  28. preg_replace_callback() C:\Users\alexi\Local Sites\boulangerie\app\public\wp-includes\shortcodes.php:228
[10-Mar-2022 12:15:30 UTC] PHP  29. do_shortcode_tag() C:\Users\alexi\Local Sites\boulangerie\app\public\wp-includes\shortcodes.php:228
[10-Mar-2022 12:15:30 UTC] PHP  30. Hjqs_Mentions_Legales_Public->render_cgv() C:\Users\alexi\Local Sites\boulangerie\app\public\wp-includes\shortcodes.php:356
[10-Mar-2022 12:15:30 UTC] PHP  31. include() C:\Users\alexi\Local Sites\boulangerie\app\public\wp-content\plugins\hjqs-mentions-legales-fr\public\class-hjqs-mentions-legales-public.php:117
[10-Mar-2022 12:15:35 UTC] PHP Warning:  Invalid argument supplied for foreach() in C:\Users\alexi\Local Sites\boulangerie\app\public\wp-content\plugins\hjqs-mentions-legales-fr\public\partials\hjqs-mentions-legales-public-pdc.php on line 154
[10-Mar-2022 12:15:35 UTC] PHP Stack trace:
[10-Mar-2022 12:15:35 UTC] PHP   1. {main}() C:\Users\alexi\Local Sites\boulangerie\app\public\index.php:0
[10-Mar-2022 12:15:35 UTC] PHP   2. require() C:\Users\alexi\Local Sites\boulangerie\app\public\index.php:17
[10-Mar-2022 12:15:35 UTC] PHP   3. require_once() C:\Users\alexi\Local Sites\boulangerie\app\public\wp-blog-header.php:19
[10-Mar-2022 12:15:35 UTC] PHP   4. include() C:\Users\alexi\Local Sites\boulangerie\app\public\wp-includes\template-loader.php:106
[10-Mar-2022 12:15:35 UTC] PHP   5. get_the_block_template_html() C:\Users\alexi\Local Sites\boulangerie\app\public\wp-includes\template-canvas.php:12
[10-Mar-2022 12:15:35 UTC] PHP   6. do_blocks() C:\Users\alexi\Local Sites\boulangerie\app\public\wp-includes\block-template.php:240
[10-Mar-2022 12:15:35 UTC] PHP   7. render_block() C:\Users\alexi\Local Sites\boulangerie\app\public\wp-includes\blocks.php:921
[10-Mar-2022 12:15:35 UTC] PHP   8. WP_Block->render() C:\Users\alexi\Local Sites\boulangerie\app\public\wp-includes\blocks.php:883
[10-Mar-2022 12:15:35 UTC] PHP   9. WP_Block->render() C:\Users\alexi\Local Sites\boulangerie\app\public\wp-includes\class-wp-block.php:241
[10-Mar-2022 12:15:35 UTC] PHP  10. render_block_core_post_content() C:\Users\alexi\Local Sites\boulangerie\app\public\wp-includes\class-wp-block.php:255
[10-Mar-2022 12:15:35 UTC] PHP  11. apply_filters() C:\Users\alexi\Local Sites\boulangerie\app\public\wp-includes\blocks\post-content.php:55
[10-Mar-2022 12:15:35 UTC] PHP  12. WP_Hook->apply_filters() C:\Users\alexi\Local Sites\boulangerie\app\public\wp-includes\plugin.php:189
[10-Mar-2022 12:15:35 UTC] PHP  13. Elementor\Frontend->apply_builder_in_content() C:\Users\alexi\Local Sites\boulangerie\app\public\wp-includes\class-wp-hook.php:307
[10-Mar-2022 12:15:35 UTC] PHP  14. Elementor\Frontend->get_builder_content() C:\Users\alexi\Local Sites\boulangerie\app\public\wp-content\plugins\elementor\includes\frontend.php:1006
[10-Mar-2022 12:15:35 UTC] PHP  15. Elementor\Core\DocumentTypes\Page->print_elements_with_wrapper() C:\Users\alexi\Local Sites\boulangerie\app\public\wp-content\plugins\elementor\includes\frontend.php:1092
[10-Mar-2022 12:15:35 UTC] PHP  16. Elementor\Core\DocumentTypes\Page->print_elements() C:\Users\alexi\Local Sites\boulangerie\app\public\wp-content\plugins\elementor\core\base\document.php:1002
[10-Mar-2022 12:15:35 UTC] PHP  17. Elementor\Element_Section->print_element() C:\Users\alexi\Local Sites\boulangerie\app\public\wp-content\plugins\elementor\core\base\document.php:1529
[10-Mar-2022 12:15:35 UTC] PHP  18. Elementor\Element_Section->print_content() C:\Users\alexi\Local Sites\boulangerie\app\public\wp-content\plugins\elementor\includes\base\element-base.php:447
[10-Mar-2022 12:15:35 UTC] PHP  19. Elementor\Element_Column->print_element() C:\Users\alexi\Local Sites\boulangerie\app\public\wp-content\plugins\elementor\includes\base\element-base.php:741
[10-Mar-2022 12:15:35 UTC] PHP  20. Elementor\Element_Column->print_content() C:\Users\alexi\Local Sites\boulangerie\app\public\wp-content\plugins\elementor\includes\base\element-base.php:447
[10-Mar-2022 12:15:35 UTC] PHP  21. Elementor\Widget_Text_Editor->print_element() C:\Users\alexi\Local Sites\boulangerie\app\public\wp-content\plugins\elementor\includes\base\element-base.php:741
[10-Mar-2022 12:15:35 UTC] PHP  22. Elementor\Widget_Text_Editor->print_content() C:\Users\alexi\Local Sites\boulangerie\app\public\wp-content\plugins\elementor\includes\base\element-base.php:447
[10-Mar-2022 12:15:35 UTC] PHP  23. Elementor\Widget_Text_Editor->render_content() C:\Users\alexi\Local Sites\boulangerie\app\public\wp-content\plugins\elementor\includes\base\widget-base.php:750
[10-Mar-2022 12:15:35 UTC] PHP  24. Elementor\Widget_Text_Editor->render_by_mode() C:\Users\alexi\Local Sites\boulangerie\app\public\wp-content\plugins\elementor\includes\base\widget-base.php:609
[10-Mar-2022 12:15:35 UTC] PHP  25. Elementor\Widget_Text_Editor->render() C:\Users\alexi\Local Sites\boulangerie\app\public\wp-content\plugins\elementor\includes\base\controls-stack.php:2188
[10-Mar-2022 12:15:35 UTC] PHP  26. Elementor\Widget_Text_Editor->parse_text_editor() C:\Users\alexi\Local Sites\boulangerie\app\public\wp-content\plugins\elementor\includes\widgets\text-editor.php:416
[10-Mar-2022 12:15:35 UTC] PHP  27. do_shortcode() C:\Users\alexi\Local Sites\boulangerie\app\public\wp-content\plugins\elementor\includes\base\widget-base.php:426
[10-Mar-2022 12:15:35 UTC] PHP  28. preg_replace_callback() C:\Users\alexi\Local Sites\boulangerie\app\public\wp-includes\shortcodes.php:228
[10-Mar-2022 12:15:35 UTC] PHP  29. do_shortcode_tag() C:\Users\alexi\Local Sites\boulangerie\app\public\wp-includes\shortcodes.php:228
[10-Mar-2022 12:15:35 UTC] PHP  30. Hjqs_Mentions_Legales_Public->render_pdc() C:\Users\alexi\Local Sites\boulangerie\app\public\wp-includes\shortcodes.php:356
[10-Mar-2022 12:15:35 UTC] PHP  31. include() C:\Users\alexi\Local Sites\boulangerie\app\public\wp-content\plugins\hjqs-mentions-legales-fr\public\class-hjqs-mentions-legales-public.php:128
[10-Mar-2022 12:15:38 UTC] PHP Warning:  Invalid argument supplied for foreach() in C:\Users\alexi\Local Sites\boulangerie\app\public\wp-content\plugins\hjqs-mentions-legales-fr\public\partials\hjqs-mentions-legales-public-pdc.php on line 154
[10-Mar-2022 12:15:38 UTC] PHP Stack trace:
[10-Mar-2022 12:15:38 UTC] PHP   1. {main}() C:\Users\alexi\Local Sites\boulangerie\app\public\index.php:0
[10-Mar-2022 12:15:38 UTC] PHP   2. require() C:\Users\alexi\Local Sites\boulangerie\app\public\index.php:17
[10-Mar-2022 12:15:38 UTC] PHP   3. require_once() C:\Users\alexi\Local Sites\boulangerie\app\public\wp-blog-header.php:19
[10-Mar-2022 12:15:38 UTC] PHP   4. include() C:\Users\alexi\Local Sites\boulangerie\app\public\wp-includes\template-loader.php:106
[10-Mar-2022 12:15:38 UTC] PHP   5. get_the_block_template_html() C:\Users\alexi\Local Sites\boulangerie\app\public\wp-includes\template-canvas.php:12
[10-Mar-2022 12:15:38 UTC] PHP   6. do_blocks() C:\Users\alexi\Local Sites\boulangerie\app\public\wp-includes\block-template.php:240
[10-Mar-2022 12:15:38 UTC] PHP   7. render_block() C:\Users\alexi\Local Sites\boulangerie\app\public\wp-includes\blocks.php:921
[10-Mar-2022 12:15:38 UTC] PHP   8. WP_Block->render() C:\Users\alexi\Local Sites\boulangerie\app\public\wp-includes\blocks.php:883
[10-Mar-2022 12:15:38 UTC] PHP   9. WP_Block->render() C:\Users\alexi\Local Sites\boulangerie\app\public\wp-includes\class-wp-block.php:241
[10-Mar-2022 12:15:38 UTC] PHP  10. render_block_core_post_content() C:\Users\alexi\Local Sites\boulangerie\app\public\wp-includes\class-wp-block.php:255
[10-Mar-2022 12:15:38 UTC] PHP  11. apply_filters() C:\Users\alexi\Local Sites\boulangerie\app\public\wp-includes\blocks\post-content.php:55
[10-Mar-2022 12:15:38 UTC] PHP  12. WP_Hook->apply_filters() C:\Users\alexi\Local Sites\boulangerie\app\public\wp-includes\plugin.php:189
[10-Mar-2022 12:15:38 UTC] PHP  13. Elementor\Frontend->apply_builder_in_content() C:\Users\alexi\Local Sites\boulangerie\app\public\wp-includes\class-wp-hook.php:307
[10-Mar-2022 12:15:38 UTC] PHP  14. Elementor\Frontend->get_builder_content() C:\Users\alexi\Local Sites\boulangerie\app\public\wp-content\plugins\elementor\includes\frontend.php:1006
[10-Mar-2022 12:15:38 UTC] PHP  15. Elementor\Core\DocumentTypes\Page->print_elements_with_wrapper() C:\Users\alexi\Local Sites\boulangerie\app\public\wp-content\plugins\elementor\includes\frontend.php:1092
[10-Mar-2022 12:15:38 UTC] PHP  16. Elementor\Core\DocumentTypes\Page->print_elements() C:\Users\alexi\Local Sites\boulangerie\app\public\wp-content\plugins\elementor\core\base\document.php:1002
[10-Mar-2022 12:15:38 UTC] PHP  17. Elementor\Element_Section->print_element() C:\Users\alexi\Local Sites\boulangerie\app\public\wp-content\plugins\elementor\core\base\document.php:1529
[10-Mar-2022 12:15:38 UTC] PHP  18. Elementor\Element_Section->print_content() C:\Users\alexi\Local Sites\boulangerie\app\public\wp-content\plugins\elementor\includes\base\element-base.php:447
[10-Mar-2022 12:15:38 UTC] PHP  19. Elementor\Element_Column->print_element() C:\Users\alexi\Local Sites\boulangerie\app\public\wp-content\plugins\elementor\includes\base\element-base.php:741
[10-Mar-2022 12:15:38 UTC] PHP  20. Elementor\Element_Column->print_content() C:\Users\alexi\Local Sites\boulangerie\app\public\wp-content\plugins\elementor\includes\base\element-base.php:447
[10-Mar-2022 12:15:38 UTC] PHP  21. Elementor\Widget_Text_Editor->print_element() C:\Users\alexi\Local Sites\boulangerie\app\public\wp-content\plugins\elementor\includes\base\element-base.php:741
[10-Mar-2022 12:15:38 UTC] PHP  22. Elementor\Widget_Text_Editor->print_content() C:\Users\alexi\Local Sites\boulangerie\app\public\wp-content\plugins\elementor\includes\base\element-base.php:447
[10-Mar-2022 12:15:38 UTC] PHP  23. Elementor\Widget_Text_Editor->render_content() C:\Users\alexi\Local Sites\boulangerie\app\public\wp-content\plugins\elementor\includes\base\widget-base.php:750
[10-Mar-2022 12:15:38 UTC] PHP  24. Elementor\Widget_Text_Editor->render_by_mode() C:\Users\alexi\Local Sites\boulangerie\app\public\wp-content\plugins\elementor\includes\base\widget-base.php:609
[10-Mar-2022 12:15:38 UTC] PHP  25. Elementor\Widget_Text_Editor->render() C:\Users\alexi\Local Sites\boulangerie\app\public\wp-content\plugins\elementor\includes\base\controls-stack.php:2188
[10-Mar-2022 12:15:38 UTC] PHP  26. Elementor\Widget_Text_Editor->parse_text_editor() C:\Users\alexi\Local Sites\boulangerie\app\public\wp-content\plugins\elementor\includes\widgets\text-editor.php:416
[10-Mar-2022 12:15:38 UTC] PHP  27. do_shortcode() C:\Users\alexi\Local Sites\boulangerie\app\public\wp-content\plugins\elementor\includes\base\widget-base.php:426
[10-Mar-2022 12:15:38 UTC] PHP  28. preg_replace_callback() C:\Users\alexi\Local Sites\boulangerie\app\public\wp-includes\shortcodes.php:228
[10-Mar-2022 12:15:38 UTC] PHP  29. do_shortcode_tag() C:\Users\alexi\Local Sites\boulangerie\app\public\wp-includes\shortcodes.php:228
[10-Mar-2022 12:15:38 UTC] PHP  30. Hjqs_Mentions_Legales_Public->render_pdc() C:\Users\alexi\Local Sites\boulangerie\app\public\wp-includes\shortcodes.php:356
[10-Mar-2022 12:15:38 UTC] PHP  31. include() C:\Users\alexi\Local Sites\boulangerie\app\public\wp-content\plugins\hjqs-mentions-legales-fr\public\class-hjqs-mentions-legales-public.php:128
[10-Mar-2022 12:15:42 UTC] PHP Warning:  Invalid argument supplied for foreach() in C:\Users\alexi\Local Sites\boulangerie\app\public\wp-content\plugins\hjqs-mentions-legales-fr\public\partials\hjqs-mentions-legales-public-cgv.php on line 108
[10-Mar-2022 12:15:42 UTC] PHP Stack trace:
[10-Mar-2022 12:15:42 UTC] PHP   1. {main}() C:\Users\alexi\Local Sites\boulangerie\app\public\index.php:0
[10-Mar-2022 12:15:42 UTC] PHP   2. require() C:\Users\alexi\Local Sites\boulangerie\app\public\index.php:17
[10-Mar-2022 12:15:42 UTC] PHP   3. require_once() C:\Users\alexi\Local Sites\boulangerie\app\public\wp-blog-header.php:19
[10-Mar-2022 12:15:42 UTC] PHP   4. include() C:\Users\alexi\Local Sites\boulangerie\app\public\wp-includes\template-loader.php:106
[10-Mar-2022 12:15:42 UTC] PHP   5. get_the_block_template_html() C:\Users\alexi\Local Sites\boulangerie\app\public\wp-includes\template-canvas.php:12
[10-Mar-2022 12:15:42 UTC] PHP   6. do_blocks() C:\Users\alexi\Local Sites\boulangerie\app\public\wp-includes\block-template.php:240
[10-Mar-2022 12:15:42 UTC] PHP   7. render_block() C:\Users\alexi\Local Sites\boulangerie\app\public\wp-includes\blocks.php:921
[10-Mar-2022 12:15:42 UTC] PHP   8. WP_Block->render() C:\Users\alexi\Local Sites\boulangerie\app\public\wp-includes\blocks.php:883
[10-Mar-2022 12:15:42 UTC] PHP   9. WP_Block->render() C:\Users\alexi\Local Sites\boulangerie\app\public\wp-includes\class-wp-block.php:241
[10-Mar-2022 12:15:42 UTC] PHP  10. render_block_core_post_content() C:\Users\alexi\Local Sites\boulangerie\app\public\wp-includes\class-wp-block.php:255
[10-Mar-2022 12:15:42 UTC] PHP  11. apply_filters() C:\Users\alexi\Local Sites\boulangerie\app\public\wp-includes\blocks\post-content.php:55
[10-Mar-2022 12:15:42 UTC] PHP  12. WP_Hook->apply_filters() C:\Users\alexi\Local Sites\boulangerie\app\public\wp-includes\plugin.php:189
[10-Mar-2022 12:15:42 UTC] PHP  13. Elementor\Frontend->apply_builder_in_content() C:\Users\alexi\Local Sites\boulangerie\app\public\wp-includes\class-wp-hook.php:307
[10-Mar-2022 12:15:42 UTC] PHP  14. Elementor\Frontend->get_builder_content() C:\Users\alexi\Local Sites\boulangerie\app\public\wp-content\plugins\elementor\includes\frontend.php:1006
[10-Mar-2022 12:15:42 UTC] PHP  15. Elementor\Core\DocumentTypes\Page->print_elements_with_wrapper() C:\Users\alexi\Local Sites\boulangerie\app\public\wp-content\plugins\elementor\includes\frontend.php:1092
[10-Mar-2022 12:15:42 UTC] PHP  16. Elementor\Core\DocumentTypes\Page->print_elements() C:\Users\alexi\Local Sites\boulangerie\app\public\wp-content\plugins\elementor\core\base\document.php:1002
[10-Mar-2022 12:15:42 UTC] PHP  17. Elementor\Element_Section->print_element() C:\Users\alexi\Local Sites\boulangerie\app\public\wp-content\plugins\elementor\core\base\document.php:1529
[10-Mar-2022 12:15:42 UTC] PHP  18. Elementor\Element_Section->print_content() C:\Users\alexi\Local Sites\boulangerie\app\public\wp-content\plugins\elementor\includes\base\element-base.php:447
[10-Mar-2022 12:15:42 UTC] PHP  19. Elementor\Element_Column->print_element() C:\Users\alexi\Local Sites\boulangerie\app\public\wp-content\plugins\elementor\includes\base\element-base.php:741
[10-Mar-2022 12:15:42 UTC] PHP  20. Elementor\Element_Column->print_content() C:\Users\alexi\Local Sites\boulangerie\app\public\wp-content\plugins\elementor\includes\base\element-base.php:447
[10-Mar-2022 12:15:42 UTC] PHP  21. Elementor\Widget_Text_Editor->print_element() C:\Users\alexi\Local Sites\boulangerie\app\public\wp-content\plugins\elementor\includes\base\element-base.php:741
[10-Mar-2022 12:15:42 UTC] PHP  22. Elementor\Widget_Text_Editor->print_content() C:\Users\alexi\Local Sites\boulangerie\app\public\wp-content\plugins\elementor\includes\base\element-base.php:447
[10-Mar-2022 12:15:42 UTC] PHP  23. Elementor\Widget_Text_Editor->render_content() C:\Users\alexi\Local Sites\boulangerie\app\public\wp-content\plugins\elementor\includes\base\widget-base.php:750
[10-Mar-2022 12:15:42 UTC] PHP  24. Elementor\Widget_Text_Editor->render_by_mode() C:\Users\alexi\Local Sites\boulangerie\app\public\wp-content\plugins\elementor\includes\base\widget-base.php:609
[10-Mar-2022 12:15:42 UTC] PHP  25. Elementor\Widget_Text_Editor->render() C:\Users\alexi\Local Sites\boulangerie\app\public\wp-content\plugins\elementor\includes\base\controls-stack.php:2188
[10-Mar-2022 12:15:42 UTC] PHP  26. Elementor\Widget_Text_Editor->parse_text_editor() C:\Users\alexi\Local Sites\boulangerie\app\public\wp-content\plugins\elementor\includes\widgets\text-editor.php:416
[10-Mar-2022 12:15:42 UTC] PHP  27. do_shortcode() C:\Users\alexi\Local Sites\boulangerie\app\public\wp-content\plugins\elementor\includes\base\widget-base.php:426
[10-Mar-2022 12:15:42 UTC] PHP  28. preg_replace_callback() C:\Users\alexi\Local Sites\boulangerie\app\public\wp-includes\shortcodes.php:228
[10-Mar-2022 12:15:42 UTC] PHP  29. do_shortcode_tag() C:\Users\alexi\Local Sites\boulangerie\app\public\wp-includes\shortcodes.php:228
[10-Mar-2022 12:15:42 UTC] PHP  30. Hjqs_Mentions_Legales_Public->render_cgv() C:\Users\alexi\Local Sites\boulangerie\app\public\wp-includes\shortcodes.php:356
[10-Mar-2022 12:15:42 UTC] PHP  31. include() C:\Users\alexi\Local Sites\boulangerie\app\public\wp-content\plugins\hjqs-mentions-legales-fr\public\class-hjqs-mentions-legales-public.php:117
